INFO	2017-04-06 16:46:30,585	0	Databaseimpl	[main]	Database instantie is class MockDatabase
INFO	2017-04-06 16:46:31,466	881	Databaseimpl	[main]	Server is gestart op port8025
INFO	2017-04-06 16:53:20,157	0	Databaseimpl	[main]	Database instantie is class MockDatabase
INFO	2017-04-06 16:53:52,869	0	Databaseimpl	[main]	Database instantie is class MockDatabase
INFO	2017-04-06 16:53:53,613	744	Databaseimpl	[main]	Server is gestart op port8025
INFO	2017-04-06 19:32:26,824	0	Databaseimpl	[main]	Database instantie is class MockDatabase
INFO	2017-04-06 19:32:27,696	872	Databaseimpl	[main]	Server is gestart op port8025
INFO	2017-04-07 02:00:38,444	0	Databaseimpl	[main]	Database instantie is class MockDatabase
INFO	2017-04-07 02:00:39,334	890	Databaseimpl	[main]	Server is gestart op port8025
INFO	2017-04-07 02:48:35,059	0	Databaseimpl	[main]	Database instantie is class MockDatabase
INFO	2017-04-07 02:48:35,852	793	Databaseimpl	[main]	Server is gestart op port8025
INFO	2017-04-07 02:50:09,082	0	Databaseimpl	[main]	Database instantie is class MockDatabase
INFO	2017-04-07 02:50:25,044	0	Databaseimpl	[main]	Database instantie is class MockDatabase
INFO	2017-04-07 02:51:14,611	0	Databaseimpl	[main]	Database instantie is class MockDatabase
INFO	2017-04-07 02:51:15,466	855	Databaseimpl	[main]	Server is gestart op port8025
INFO	2017-04-07 11:25:41,121	0	Databaseimpl	[main]	Database instantie is class MockDatabase
INFO	2017-04-07 11:25:45,166	4045	Databaseimpl	[main]	Server is gestart op port8025
INFO	2017-04-07 11:47:46,464	0	Databaseimpl	[main]	Database instantie is class MockDatabase
INFO	2017-04-07 11:47:56,379	0	Databaseimpl	[main]	Database instantie is class MockDatabase
INFO	2017-04-07 11:58:11,442	0	Databaseimpl	[main]	Database instantie is class MockDatabase
INFO	2017-04-07 11:58:14,467	3025	Databaseimpl	[main]	Server is gestart op port8026
INFO	2017-04-09 21:45:56,640	0	Databaseimpl	[main]	Database instantie is class MockDatabase
INFO	2017-04-09 21:45:57,497	857	Databaseimpl	[main]	Server is gestart op port8025
INFO	2017-04-09 21:46:14,291	0	Databaseimpl	[main]	Database instantie is class MockDatabase
INFO	2017-04-09 21:46:15,041	750	Databaseimpl	[main]	Server is gestart op port8025
INFO	2017-05-13 19:54:03,776	0	Databaseimpl	[main]	Database instantie is class MockDatabase
INFO	2017-05-13 19:54:04,521	745	Databaseimpl	[main]	Server is gestart op port8025
INFO	2017-05-13 19:56:45,812	0	Databaseimpl	[main]	Database instantie is class MockDatabase
INFO	2017-05-13 19:56:46,587	775	Databaseimpl	[main]	Server is gestart op port8025
INFO	2017-05-13 20:18:09,006	0	Databaseimpl	[main]	Database instantie is class MockDatabase
INFO	2017-05-13 20:18:09,849	843	Databaseimpl	[main]	Server is gestart op port8025
INFO	2017-06-10 21:52:24,688	0	Databaseimpl	[main]	Database instantie is class MockDatabase
INFO	2017-06-10 21:53:03,736	0	Databaseimpl	[main]	Database instantie is class MockDatabase
INFO	2017-06-10 21:54:10,794	0	Databaseimpl	[main]	Database instantie is class MockDatabase
INFO	2017-06-10 21:55:39,310	0	Databaseimpl	[main]	Database instantie is class MockDatabase
INFO	2017-06-12 14:54:52,187	0	Databaseimpl	[main]	Database instantie is class MockDatabase
INFO	2017-06-12 14:56:16,619	0	Databaseimpl	[main]	Database instantie is class MockDatabase
INFO	2017-06-12 14:56:17,334	715	Databaseimpl	[main]	Server is gestart op port8025
INFO	2017-06-12 14:58:41,232	0	Databaseimpl	[main]	Database instantie is class MockDatabase
INFO	2017-06-12 14:58:51,000	0	Databaseimpl	[main]	Database instantie is class MockDatabase
INFO	2017-06-12 14:59:26,183	0	Databaseimpl	[main]	Database instantie is class MockDatabase
INFO	2017-06-12 14:59:35,599	0	Databaseimpl	[main]	Database instantie is class MockDatabase
INFO	2017-06-12 15:01:24,849	0	Databaseimpl	[main]	Database instantie is class MockDatabase
INFO	2017-06-12 15:01:25,567	718	Databaseimpl	[main]	Server is gestart op port8025
INFO	2017-06-12 15:01:40,483	0	Databaseimpl	[main]	Database instantie is class MockDatabase
INFO	2017-06-12 15:01:48,748	0	Databaseimpl	[main]	Database instantie is class MockDatabase
INFO	2017-06-12 15:01:57,715	0	Databaseimpl	[main]	Database instantie is class MockDatabase
INFO	2017-06-12 15:01:58,445	730	Databaseimpl	[main]	Server is gestart op port8025
INFO	2017-06-12 15:02:07,014	0	Databaseimpl	[main]	Database instantie is class MockDatabase
INFO	2017-06-12 15:02:07,720	706	Databaseimpl	[main]	Server is gestart op port8025
INFO	2017-06-12 15:06:14,476	0	Databaseimpl	[main]	Database instantie is class MockDatabase
INFO	2017-06-12 15:06:15,204	728	Databaseimpl	[main]	Server is gestart op port8025
INFO	2017-06-12 15:07:45,064	0	Databaseimpl	[main]	Database instantie is class MockDatabase
INFO	2017-06-12 15:07:57,280	0	Databaseimpl	[main]	Database instantie is class MockDatabase
INFO	2017-06-12 15:09:43,173	0	Databaseimpl	[main]	Database instantie is class MockDatabase
INFO	2017-06-12 15:10:18,430	0	Databaseimpl	[main]	Database instantie is class MockDatabase
INFO	2017-06-12 15:13:20,434	0	Databaseimpl	[main]	Database instantie is class MockDatabase
ERROR	2017-06-12 17:03:58,068	0	krew.server.Databaseimpl	[main]	Class not found, connection to the database failed
java.sql.SQLException: Access denied for user 'root'@'localhost' (using password: YES)
	at com.mysql.cj.jdbc.exceptions.SQLError.createSQLException(SQLError.java:545)
	at com.mysql.cj.jdbc.exceptions.SQLError.createSQLException(SQLError.java:513)
	at com.mysql.cj.jdbc.exceptions.SQLExceptionsMapping.translateException(SQLExceptionsMapping.java:115)
	at com.mysql.cj.jdbc.ConnectionImpl.createNewIO(ConnectionImpl.java:1606)
	at com.mysql.cj.jdbc.ConnectionImpl.<init>(ConnectionImpl.java:633)
	at com.mysql.cj.jdbc.ConnectionImpl.getInstance(ConnectionImpl.java:347)
	at com.mysql.cj.jdbc.NonRegisteringDriver.connect(NonRegisteringDriver.java:219)
	at java.sql.DriverManager.getConnection(DriverManager.java:664)
	at java.sql.DriverManager.getConnection(DriverManager.java:247)
	at krew.server.Databaseimpl.connect(Databaseimpl.java:35)
	at krew.server.Databaseimpl.<init>(Databaseimpl.java:29)
	at krew.server.Server.main(Server.java:31)
ERROR	2017-06-12 17:03:58,070	2	krew.server.Databaseimpl	[main]	Probleem komt door de Driver die niet goed is of de wachtwoord en gebruikersnaam!
INFO	2017-06-12 17:03:58,070	2	krew.server.Databaseimpl	[main]	Database instantie is class krew.server.Databaseimpl
ERROR	2017-06-12 18:19:20,687	1	krew.server.Databaseimpl	[main]	Class not found, connection to the database failed
java.sql.SQLException: Access denied for user 'root'@'localhost' (using password: YES)
	at com.mysql.cj.jdbc.exceptions.SQLError.createSQLException(SQLError.java:545)
	at com.mysql.cj.jdbc.exceptions.SQLError.createSQLException(SQLError.java:513)
	at com.mysql.cj.jdbc.exceptions.SQLExceptionsMapping.translateException(SQLExceptionsMapping.java:115)
	at com.mysql.cj.jdbc.ConnectionImpl.createNewIO(ConnectionImpl.java:1606)
	at com.mysql.cj.jdbc.ConnectionImpl.<init>(ConnectionImpl.java:633)
	at com.mysql.cj.jdbc.ConnectionImpl.getInstance(ConnectionImpl.java:347)
	at com.mysql.cj.jdbc.NonRegisteringDriver.connect(NonRegisteringDriver.java:219)
	at java.sql.DriverManager.getConnection(DriverManager.java:664)
	at java.sql.DriverManager.getConnection(DriverManager.java:247)
	at krew.server.Databaseimpl.connect(Databaseimpl.java:35)
	at krew.server.Databaseimpl.<init>(Databaseimpl.java:29)
	at krew.server.Server.main(Server.java:31)
ERROR	2017-06-12 18:19:20,688	2	krew.server.Databaseimpl	[main]	Probleem komt door de Driver die niet goed is of de wachtwoord en gebruikersnaam!
INFO	2017-06-12 18:19:20,688	2	krew.server.Databaseimpl	[main]	Database instantie is class krew.server.Databaseimpl
ERROR	2017-06-12 18:19:42,714	0	krew.server.Databaseimpl	[main]	Class not found, connection to the database failed
java.sql.SQLException: Access denied for user 'root'@'localhost' (using password: YES)
	at com.mysql.cj.jdbc.exceptions.SQLError.createSQLException(SQLError.java:545)
	at com.mysql.cj.jdbc.exceptions.SQLError.createSQLException(SQLError.java:513)
	at com.mysql.cj.jdbc.exceptions.SQLExceptionsMapping.translateException(SQLExceptionsMapping.java:115)
	at com.mysql.cj.jdbc.ConnectionImpl.createNewIO(ConnectionImpl.java:1606)
	at com.mysql.cj.jdbc.ConnectionImpl.<init>(ConnectionImpl.java:633)
	at com.mysql.cj.jdbc.ConnectionImpl.getInstance(ConnectionImpl.java:347)
	at com.mysql.cj.jdbc.NonRegisteringDriver.connect(NonRegisteringDriver.java:219)
	at java.sql.DriverManager.getConnection(DriverManager.java:664)
	at java.sql.DriverManager.getConnection(DriverManager.java:247)
	at krew.server.Databaseimpl.connect(Databaseimpl.java:35)
	at krew.server.Databaseimpl.<init>(Databaseimpl.java:29)
	at krew.server.Server.main(Server.java:31)
ERROR	2017-06-12 18:19:42,716	2	krew.server.Databaseimpl	[main]	Probleem komt door de Driver die niet goed is of de wachtwoord en gebruikersnaam!
INFO	2017-06-12 18:19:42,716	2	krew.server.Databaseimpl	[main]	Database instantie is class krew.server.Databaseimpl
ERROR	2017-06-12 18:23:40,984	0	krew.server.Databaseimpl	[main]	Class not found, connection to the database failed
java.sql.SQLException: Access denied for user 'root'@'localhost' (using password: YES)
	at com.mysql.cj.jdbc.exceptions.SQLError.createSQLException(SQLError.java:545)
	at com.mysql.cj.jdbc.exceptions.SQLError.createSQLException(SQLError.java:513)
	at com.mysql.cj.jdbc.exceptions.SQLExceptionsMapping.translateException(SQLExceptionsMapping.java:115)
	at com.mysql.cj.jdbc.ConnectionImpl.createNewIO(ConnectionImpl.java:1606)
	at com.mysql.cj.jdbc.ConnectionImpl.<init>(ConnectionImpl.java:633)
	at com.mysql.cj.jdbc.ConnectionImpl.getInstance(ConnectionImpl.java:347)
	at com.mysql.cj.jdbc.NonRegisteringDriver.connect(NonRegisteringDriver.java:219)
	at java.sql.DriverManager.getConnection(DriverManager.java:664)
	at java.sql.DriverManager.getConnection(DriverManager.java:247)
	at krew.server.Databaseimpl.connect(Databaseimpl.java:35)
	at krew.server.Databaseimpl.<init>(Databaseimpl.java:29)
	at krew.server.Server.main(Server.java:31)
ERROR	2017-06-12 18:23:40,986	2	krew.server.Databaseimpl	[main]	Probleem komt door de Driver die niet goed is of de wachtwoord en gebruikersnaam!
INFO	2017-06-12 18:23:40,986	2	krew.server.Databaseimpl	[main]	Database instantie is class krew.server.Databaseimpl
ERROR	2017-06-13 14:37:42,963	0	krew.server.Databaseimpl	[main]	Class not found, connection to the database failed
java.sql.SQLException: Access denied for user 'root'@'localhost' (using password: YES)
	at com.mysql.cj.jdbc.exceptions.SQLError.createSQLException(SQLError.java:545)
	at com.mysql.cj.jdbc.exceptions.SQLError.createSQLException(SQLError.java:513)
	at com.mysql.cj.jdbc.exceptions.SQLExceptionsMapping.translateException(SQLExceptionsMapping.java:115)
	at com.mysql.cj.jdbc.ConnectionImpl.createNewIO(ConnectionImpl.java:1606)
	at com.mysql.cj.jdbc.ConnectionImpl.<init>(ConnectionImpl.java:633)
	at com.mysql.cj.jdbc.ConnectionImpl.getInstance(ConnectionImpl.java:347)
	at com.mysql.cj.jdbc.NonRegisteringDriver.connect(NonRegisteringDriver.java:219)
	at java.sql.DriverManager.getConnection(DriverManager.java:664)
	at java.sql.DriverManager.getConnection(DriverManager.java:247)
	at krew.server.Databaseimpl.connect(Databaseimpl.java:35)
	at krew.server.Databaseimpl.<init>(Databaseimpl.java:29)
	at krew.server.Server.main(Server.java:31)
ERROR	2017-06-13 14:37:42,973	10	krew.server.Databaseimpl	[main]	Probleem komt door de Driver die niet goed is of de wachtwoord en gebruikersnaam!
INFO	2017-06-13 14:37:42,973	10	krew.server.Databaseimpl	[main]	Database instantie is class krew.server.Databaseimpl
INFO	2017-06-13 14:37:43,698	735	krew.server.Databaseimpl	[main]	Server is gestart op port8025
